# JRE version: OpenJDK Runtime Environment (8.0_242) (build 1.8.0_242-release-1644-b3-6222593)
# Java VM: OpenJDK 64-Bit Server VM (25.242-b3-6222593 mixed mode linux-amd64 compressed oops)
Heap:
 PSYoungGen      total 374784K, used 121970K [0x00000000d5580000, 0x00000000f2e80000, 0x0000000100000000)
  eden space 346624K, 27% used [0x00000000d5580000,0x00000000db11cbc8,0x00000000ea800000)
  from space 28160K, 99% used [0x00000000ea800000,0x00000000ec37ffb8,0x00000000ec380000)
  to   space 37376K, 0% used [0x00000000f0a00000,0x00000000f0a00000,0x00000000f2e80000)
 ParOldGen       total 259584K, used 45443K [0x0000000080000000, 0x000000008fd80000, 0x00000000d5580000)
  object space 259584K, 17% used [0x0000000080000000,0x0000000082c60e78,0x000000008fd80000)
 Metaspace       used 87209K, capacity 91394K, committed 91480K, reserved 1128448K
  class space    used 11563K, capacity 12376K, committed 12416K, reserved 1048576K
GC Heap History (10 events):
Event: 5,175 GC heap before
{Heap before GC invocations=8 (full 2):
 PSYoungGen      total 268288K, used 258048K [0x00000000d5580000, 0x00000000e7100000, 0x0000000100000000)
  eden space 258048K, 100% used [0x00000000d5580000,0x00000000e5180000,0x00000000e5180000)
  from space 10240K, 0% used [0x00000000e5180000,0x00000000e5180000,0x00000000e5b80000)
  to   space 15360K, 0% used [0x00000000e6200000,0x00000000e6200000,0x00000000e7100000)
 ParOldGen       total 178176K, used 14559K [0x0000000080000000, 0x000000008ae00000, 0x00000000d5580000)
  object space 178176K, 8% used [0x0000000080000000,0x0000000080e37d18,0x000000008ae00000)
 Metaspace       used 47155K, capacity 49208K, committed 49496K, reserved 1091584K
  class space    used 6291K, capacity 6677K, committed 6784K, reserved 1048576K
Event: 5,190 GC heap after
Heap after GC invocations=8 (full 2):
 PSYoungGen      total 269824K, used 15351K [0x00000000d5580000, 0x00000000ee180000, 0x0000000100000000)
  eden space 254464K, 0% used [0x00000000d5580000,0x00000000d5580000,0x00000000e4e00000)
  from space 15360K, 99% used [0x00000000e6200000,0x00000000e70fdc68,0x00000000e7100000)
  to   space 20480K, 0% used [0x00000000e4e00000,0x00000000e4e00000,0x00000000e6200000)
 ParOldGen       total 178176K, used 18984K [0x0000000080000000, 0x000000008ae00000, 0x00000000d5580000)
  object space 178176K, 10% used [0x0000000080000000,0x000000008128a1d0,0x000000008ae00000)
 Metaspace       used 47155K, capacity 49208K, committed 49496K, reserved 1091584K
  class space    used 6291K, capacity 6677K, committed 6784K, reserved 1048576K
}
Event: 6,183 GC heap before
{Heap before GC invocations=9 (full 2):
 PSYoungGen      total 269824K, used 113302K [0x00000000d5580000, 0x00000000ee180000, 0x0000000100000000)
  eden space 254464K, 38% used [0x00000000d5580000,0x00000000db527ce0,0x00000000e4e00000)
  from space 15360K, 99% used [0x00000000e6200000,0x00000000e70fdc68,0x00000000e7100000)
  to   space 20480K, 0% used [0x00000000e4e00000,0x00000000e4e00000,0x00000000e6200000)
 ParOldGen       total 178176K, used 18984K [0x0000000080000000, 0x000000008ae00000, 0x00000000d5580000)
  object space 178176K, 10% used [0x0000000080000000,0x000000008128a1d0,0x000000008ae00000)
 Metaspace       used 56532K, capacity 58860K, committed 59028K, reserved 1099776K
  class space    used 7396K, capacity 7849K, committed 7936K, reserved 1048576K
Event: 6,197 GC heap after
Heap after GC invocations=9 (full 2):
 PSYoungGen      total 274944K, used 20452K [0x00000000d5580000, 0x00000000edf00000, 0x0000000100000000)
  eden space 254464K, 0% used [0x00000000d5580000,0x00000000d5580000,0x00000000e4e00000)
  from space 20480K, 99% used [0x00000000e4e00000,0x00000000e61f9370,0x00000000e6200000)
  to   space 24576K, 0% used [0x00000000ec700000,0x00000000ec700000,0x00000000edf00000)
 ParOldGen       total 178176K, used 20654K [0x0000000080000000, 0x000000008ae00000, 0x00000000d5580000)
  object space 178176K, 11% used [0x0000000080000000,0x000000008142b830,0x000000008ae00000)
 Metaspace       used 56532K, capacity 58860K, committed 59028K, reserved 1099776K
  class space    used 7396K, capacity 7849K, committed 7936K, reserved 1048576K
}
Event: 6,197 GC heap before
{Heap before GC invocations=10 (full 3):
 PSYoungGen      total 274944K, used 20452K [0x00000000d5580000, 0x00000000edf00000, 0x0000000100000000)
  eden space 254464K, 0% used [0x00000000d5580000,0x00000000d5580000,0x00000000e4e00000)
  from space 20480K, 99% used [0x00000000e4e00000,0x00000000e61f9370,0x00000000e6200000)
  to   space 24576K, 0% used [0x00000000ec700000,0x00000000ec700000,0x00000000edf00000)
 ParOldGen       total 178176K, used 20654K [0x0000000080000000, 0x000000008ae00000, 0x00000000d5580000)
  object space 178176K, 11% used [0x0000000080000000,0x000000008142b830,0x000000008ae00000)
 Metaspace       used 56532K, capacity 58860K, committed 59028K, reserved 1099776K
  class space    used 7396K, capacity 7849K, committed 7936K, reserved 1048576K
Event: 6,319 GC heap after
Heap after GC invocations=10 (full 3):
 PSYoungGen      total 274944K, used 0K [0x00000000d5580000, 0x00000000edf00000, 0x0000000100000000)
  eden space 254464K, 0% used [0x00000000d5580000,0x00000000d5580000,0x00000000e4e00000)
  from space 20480K, 0% used [0x00000000e4e00000,0x00000000e4e00000,0x00000000e6200000)
  to   space 24576K, 0% used [0x00000000ec700000,0x00000000ec700000,0x00000000edf00000)
 ParOldGen       total 259584K, used 33508K [0x0000000080000000, 0x000000008fd80000, 0x00000000d5580000)
  object space 259584K, 12% used [0x0000000080000000,0x00000000820b91a8,0x000000008fd80000)
 Metaspace       used 56473K, capacity 58732K, committed 59028K, reserved 1099776K
  class space    used 7380K, capacity 7830K, committed 7936K, reserved 1048576K
}
Event: 9,181 GC heap before
{Heap before GC invocations=11 (full 3):
 PSYoungGen      total 274944K, used 254464K [0x00000000d5580000, 0x00000000edf00000, 0x0000000100000000)
  eden space 254464K, 100% used [0x00000000d5580000,0x00000000e4e00000,0x00000000e4e00000)
  from space 20480K, 0% used [0x00000000e4e00000,0x00000000e4e00000,0x00000000e6200000)
  to   space 24576K, 0% used [0x00000000ec700000,0x00000000ec700000,0x00000000edf00000)
 ParOldGen       total 259584K, used 33508K [0x0000000080000000, 0x000000008fd80000, 0x00000000d5580000)
  object space 259584K, 12% used [0x0000000080000000,0x00000000820b91a8,0x000000008fd80000)
 Metaspace       used 70934K, capacity 73860K, committed 73944K, reserved 1114112K
  class space    used 9585K, capacity 10197K, committed 10240K, reserved 1048576K
Event: 9,227 GC heap after
Heap after GC invocations=11 (full 3):
 PSYoungGen      total 370688K, used 24333K [0x00000000d5580000, 0x00000000edf00000, 0x0000000100000000)
  eden space 346112K, 0% used [0x00000000d5580000,0x00000000d5580000,0x00000000ea780000)
  from space 24576K, 99% used [0x00000000ec700000,0x00000000edec3700,0x00000000edf00000)
  to   space 28160K, 0% used [0x00000000ea800000,0x00000000ea800000,0x00000000ec380000)
 ParOldGen       total 259584K, used 33516K [0x0000000080000000, 0x000000008fd80000, 0x00000000d5580000)
  object space 259584K, 12% used [0x0000000080000000,0x00000000820bb1a8,0x000000008fd80000)
 Metaspace       used 70934K, capacity 73860K, committed 73944K, reserved 1114112K
  class space    used 9585K, capacity 10197K, committed 10240K, reserved 1048576K
}
Event: 20,708 GC heap before
{Heap before GC invocations=12 (full 3):
 PSYoungGen      total 370688K, used 370445K [0x00000000d5580000, 0x00000000edf00000, 0x0000000100000000)
  eden space 346112K, 100% used [0x00000000d5580000,0x00000000ea780000,0x00000000ea780000)
  from space 24576K, 99% used [0x00000000ec700000,0x00000000edec3700,0x00000000edf00000)
  to   space 28160K, 0% used [0x00000000ea800000,0x00000000ea800000,0x00000000ec380000)
 ParOldGen       total 259584K, used 33516K [0x0000000080000000, 0x000000008fd80000, 0x00000000d5580000)
  object space 259584K, 12% used [0x0000000080000000,0x00000000820bb1a8,0x000000008fd80000)
 Metaspace       used 86117K, capacity 90218K, committed 90328K, reserved 1128448K
  class space    used 11446K, capacity 12236K, committed 12288K, reserved 1048576K
Event: 20,738 GC heap after
Heap after GC invocations=12 (full 3):
 PSYoungGen      total 374784K, used 28159K [0x00000000d5580000, 0x00000000f2e80000, 0x0000000100000000)
  eden space 346624K, 0% used [0x00000000d5580000,0x00000000d5580000,0x00000000ea800000)
  from space 28160K, 99% used [0x00000000ea800000,0x00000000ec37ffb8,0x00000000ec380000)
  to   space 37376K, 0% used [0x00000000f0a00000,0x00000000f0a00000,0x00000000f2e80000)
 ParOldGen       total 259584K, used 45443K [0x0000000080000000, 0x000000008fd80000, 0x00000000d5580000)
  object space 259584K, 17% used [0x0000000080000000,0x0000000082c60e78,0x000000008fd80000)
 Metaspace       used 86117K, capacity 90218K, committed 90328K, reserved 1128448K
  class space    used 11446K, capacity 12236K, committed 12288K, reserved 1048576K
}

